Symbol range map extraction starting
Processing 39 files
startProcessing "com\joarez\mathmod\ClientProxy.java" md5: a66170ba94a9a632c928ff7d4547e1ff
endProcessing "com\joarez\mathmod\ClientProxy.java"

startProcessing "com\joarez\mathmod\CommonProxy.java" md5: 9d4c24db7c2e13028996704dc6cd9641
endProcessing "com\joarez\mathmod\CommonProxy.java"

startProcessing "com\joarez\mathmod\MathMod.java" md5: cc1fad693df5f0ac2c53390b0774fed9
Cache Hit!
endProcessing "com\joarez\mathmod\MathMod.java"

startProcessing "com\joarez\mathmod\Names.java" md5: f59769032a4c0cbdf5442eacb1dacc86
endProcessing "com\joarez\mathmod\Names.java"

startProcessing "com\joarez\mathmod\blocks\BasicMathBlock.java" md5: a3248c965c3e3f9694b393fa0b19031c
endProcessing "com\joarez\mathmod\blocks\BasicMathBlock.java"

startProcessing "com\joarez\mathmod\blocks\BlockTutorial.java" md5: 7aae9d3d8eefe9341dd66a95fd267305
Cache Hit!
endProcessing "com\joarez\mathmod\blocks\BlockTutorial.java"

startProcessing "com\joarez\mathmod\blocks\RomanBlock.java" md5: f28cefbdf3c7886fc17742058e53bf3a
endProcessing "com\joarez\mathmod\blocks\RomanBlock.java"

startProcessing "com\joarez\mathmod\blocks\ShopBlock.java" md5: 90aacd91f6f922771e2fd67784092f5f
endProcessing "com\joarez\mathmod\blocks\ShopBlock.java"

startProcessing "com\joarez\mathmod\eventhandler\ItemUseEventHandler.java" md5: 29b4abd2465938ae5a14dfe682ea2fd3
endProcessing "com\joarez\mathmod\eventhandler\ItemUseEventHandler.java"

startProcessing "com\joarez\mathmod\eventhandler\TimeBasedEventHandler.java" md5: da343ae240bbbbd4646778c39b8682ad
endProcessing "com\joarez\mathmod\eventhandler\TimeBasedEventHandler.java"

startProcessing "com\joarez\mathmod\eventhandler\TutorialEventHandler.java" md5: 0b0da9385e6cad023a5fb0e5f1adf07f
Cache Hit!
endProcessing "com\joarez\mathmod\eventhandler\TutorialEventHandler.java"

startProcessing "com\joarez\mathmod\gui\DoMathGUI.java" md5: 3b2ee9d60cd39bd4fc64781b7843b793
endProcessing "com\joarez\mathmod\gui\DoMathGUI.java"

startProcessing "com\joarez\mathmod\gui\GuiButtonTutorial.java" md5: ffc023b505d5f9ff094141328a9cc2ec
Cache Hit!
endProcessing "com\joarez\mathmod\gui\GuiButtonTutorial.java"

startProcessing "com\joarez\mathmod\gui\GuiOverlay.java" md5: 423f58adad99f3c806bfedcb1a999410
Cache Hit!
endProcessing "com\joarez\mathmod\gui\GuiOverlay.java"

startProcessing "com\joarez\mathmod\gui\MathShopGUI.java" md5: 35fd14b81ff55dbdb1b07bb2491bd60e
endProcessing "com\joarez\mathmod\gui\MathShopGUI.java"

startProcessing "com\joarez\mathmod\gui\RomanGUI.java" md5: fa740a424c07c788f8dedff5ae45385d
endProcessing "com\joarez\mathmod\gui\RomanGUI.java"

startProcessing "com\joarez\mathmod\gui\ShopGUIHandler.java" md5: 4a33cd5d644a8cabdaa155a100bf3603
endProcessing "com\joarez\mathmod\gui\ShopGUIHandler.java"

startProcessing "com\joarez\mathmod\gui\TestGui.java" md5: 05aa937201ca226cfc05873fcb9ce492
Cache Hit!
endProcessing "com\joarez\mathmod\gui\TestGui.java"

startProcessing "com\joarez\mathmod\gui\TutorialGUI.java" md5: cd70fd51eb49b7614dcf7d5e0a1f6a50
Cache Hit!
endProcessing "com\joarez\mathmod\gui\TutorialGUI.java"

startProcessing "com\joarez\mathmod\gui\YearSelectionGUI.java" md5: d704c420a964ac9d75c97be852c98e18
endProcessing "com\joarez\mathmod\gui\YearSelectionGUI.java"

startProcessing "com\joarez\mathmod\init\ModBlocks.java" md5: b6ed9cb46d2295c26c61dc0247b27dff
endProcessing "com\joarez\mathmod\init\ModBlocks.java"

startProcessing "com\joarez\mathmod\init\ModItems.java" md5: e63563dcb9337f1d4a650537914bb1f5
Cache Hit!
endProcessing "com\joarez\mathmod\init\ModItems.java"

startProcessing "com\joarez\mathmod\items\ItemMathCoin.java" md5: 90c1023e9126e4521e55697f7a5b0cf4
Cache Hit!
endProcessing "com\joarez\mathmod\items\ItemMathCoin.java"

startProcessing "com\joarez\mathmod\items\ItemTutorial.java" md5: 4705415c9b55187c74f920ae16bedd44
Cache Hit!
endProcessing "com\joarez\mathmod\items\ItemTutorial.java"

startProcessing "com\joarez\mathmod\keybinding\KeyInputHandler.java" md5: 75629ef8a5f8dedba6c6a4745aaa5e56
Cache Hit!
endProcessing "com\joarez\mathmod\keybinding\KeyInputHandler.java"

startProcessing "com\joarez\mathmod\keybinding\KeybindingMath.java" md5: 58d766714147c7080b47b64e462e1455
Cache Hit!
endProcessing "com\joarez\mathmod\keybinding\KeybindingMath.java"

startProcessing "com\joarez\mathmod\keybinding\KeyboardCommands.java" md5: 3656e25ac4d2664243d5619486e2c594
Cache Hit!
endProcessing "com\joarez\mathmod\keybinding\KeyboardCommands.java"

startProcessing "com\joarez\mathmod\network\DeleteItemMessage.java" md5: 714f538b1d8b00d78365c9c7f3ed107d
endProcessing "com\joarez\mathmod\network\DeleteItemMessage.java"

startProcessing "com\joarez\mathmod\network\DeleteItemMessageHandler.java" md5: 710dd286ca8b323c28790619663119a5
    Compile Error! Pb(645) Lambda expressions are allowed only at source level 1.8 or above
    Compile Error! Pb(25) Cannot refer to the non-final local variable serverPlayer defined in an enclosing scope
    Compile Error! Pb(25) Cannot refer to the non-final local variable id defined in an enclosing scope
endProcessing "com\joarez\mathmod\network\DeleteItemMessageHandler.java"

startProcessing "com\joarez\mathmod\network\GiveItemMessage.java" md5: 014e8bb489dfe21cd3ea25a5e63fa844
endProcessing "com\joarez\mathmod\network\GiveItemMessage.java"

startProcessing "com\joarez\mathmod\network\GiveItemMessageHandler.java" md5: edfe87a7423257541157dd2b379822dd
    Compile Error! Pb(645) Lambda expressions are allowed only at source level 1.8 or above
    Compile Error! Pb(25) Cannot refer to the non-final local variable serverPlayer defined in an enclosing scope
    Compile Error! Pb(25) Cannot refer to the non-final local variable stack defined in an enclosing scope
endProcessing "com\joarez\mathmod\network\GiveItemMessageHandler.java"

startProcessing "com\joarez\mathmod\network\SimpleNetworkWrapper.java" md5: de3245bb69bc6b843736c5ffafb38438
endProcessing "com\joarez\mathmod\network\SimpleNetworkWrapper.java"

startProcessing "com\joarez\mathmod\tools\ItemTutorialPickaxe.java" md5: 891b0334fc5b76f652f9ae90b8926cb8
Cache Hit!
endProcessing "com\joarez\mathmod\tools\ItemTutorialPickaxe.java"

startProcessing "com\joarez\mathmod\util\CommandUtil.java" md5: 8f3250282f5d72ca2b68b86d4926e20a
Cache Hit!
endProcessing "com\joarez\mathmod\util\CommandUtil.java"

startProcessing "com\joarez\mathmod\util\CommandUtilServer.java" md5: c7b17ffeafb9d84702e37052788ddc61
Cache Hit!
endProcessing "com\joarez\mathmod\util\CommandUtilServer.java"

startProcessing "com\joarez\mathmod\util\ElementListHandler.java" md5: 2f6936b4fea922c6707d9320fbea3024
endProcessing "com\joarez\mathmod\util\ElementListHandler.java"

startProcessing "com\joarez\mathmod\util\MathMethods.java" md5: a5917207d1aea692785633144c5d7b4e
endProcessing "com\joarez\mathmod\util\MathMethods.java"

startProcessing "com\joarez\mathmod\util\RomanNumbersUtil.java" md5: ebb81958d6dcf973577c1420fa70440f
endProcessing "com\joarez\mathmod\util\RomanNumbersUtil.java"

startProcessing "com\joarez\mathmod\variableshandler\VariableManagerHandler.java" md5: 2f1ae62defcb5d65fbb5cbf7f09f00e9
endProcessing "com\joarez\mathmod\variableshandler\VariableManagerHandler.java"

